0 info it worked if it ends with ok
1 verbose cli [ '/home/skjena/.nvm/versions/node/v6.10.3/bin/node',
1 verbose cli   '/home/skjena/.nvm/versions/node/v6.10.3/bin/npm',
1 verbose cli   'run',
1 verbose cli   'build' ]
2 info using npm@3.10.10
3 info using node@v6.10.3
4 verbose run-script [ 'prebuild', 'build', 'postbuild' ]
5 info lifecycle deep-playground-prototype@2016.3.10~prebuild: deep-playground-prototype@2016.3.10
6 silly lifecycle deep-playground-prototype@2016.3.10~prebuild: no script for prebuild, continuing
7 info lifecycle deep-playground-prototype@2016.3.10~build: deep-playground-prototype@2016.3.10
8 verbose lifecycle deep-playground-prototype@2016.3.10~build: unsafe-perm in lifecycle true
9 verbose lifecycle deep-playground-prototype@2016.3.10~build: PATH: /home/skjena/.nvm/versions/node/v6.10.3/lib/node_modules/npm/bin/node-gyp-bin:/home/skjena/Code/cancerTherapy/playground/node_modules/.bin:/home/skjena/bin:/home/skjena/.local/bin:/home/skjena/.nvm/versions/node/v6.10.3/bin:/usr/local/sbin:/usr/local/bin:/usr/sbin:/usr/bin:/sbin:/bin:/usr/games:/usr/local/games:/snap/bin
10 verbose lifecycle deep-playground-prototype@2016.3.10~build: CWD: /home/skjena/Code/cancerTherapy/playground
11 silly lifecycle deep-playground-prototype@2016.3.10~build: Args: [ '-c',
11 silly lifecycle   'npm run prep && npm run build-js && npm run build-css && npm run build-html' ]
12 silly lifecycle deep-playground-prototype@2016.3.10~build: Returned: code: 1  signal: null
13 info lifecycle deep-playground-prototype@2016.3.10~build: Failed to exec build script
14 verbose stack Error: deep-playground-prototype@2016.3.10 build: `npm run prep && npm run build-js && npm run build-css && npm run build-html`
14 verbose stack Exit status 1
14 verbose stack     at EventEmitter.<anonymous> (/home/skjena/.nvm/versions/node/v6.10.3/lib/node_modules/npm/lib/utils/lifecycle.js:255:16)
14 verbose stack     at emitTwo (events.js:106:13)
14 verbose stack     at EventEmitter.emit (events.js:191:7)
14 verbose stack     at ChildProcess.<anonymous> (/home/skjena/.nvm/versions/node/v6.10.3/lib/node_modules/npm/lib/utils/spawn.js:40:14)
14 verbose stack     at emitTwo (events.js:106:13)
14 verbose stack     at ChildProcess.emit (events.js:191:7)
14 verbose stack     at maybeClose (internal/child_process.js:886:16)
14 verbose stack     at Process.ChildProcess._handle.onexit (internal/child_process.js:226:5)
15 verbose pkgid deep-playground-prototype@2016.3.10
16 verbose cwd /home/skjena/Code/cancerTherapy/playground
17 error Linux 4.10.0-32-generic
18 error argv "/home/skjena/.nvm/versions/node/v6.10.3/bin/node" "/home/skjena/.nvm/versions/node/v6.10.3/bin/npm" "run" "build"
19 error node v6.10.3
20 error npm  v3.10.10
21 error code ELIFECYCLE
22 error deep-playground-prototype@2016.3.10 build: `npm run prep && npm run build-js && npm run build-css && npm run build-html`
22 error Exit status 1
23 error Failed at the deep-playground-prototype@2016.3.10 build script 'npm run prep && npm run build-js && npm run build-css && npm run build-html'.
23 error Make sure you have the latest version of node.js and npm installed.
23 error If you do, this is most likely a problem with the deep-playground-prototype package,
23 error not with npm itself.
23 error Tell the author that this fails on your system:
23 error     npm run prep && npm run build-js && npm run build-css && npm run build-html
23 error You can get information on how to open an issue for this project with:
23 error     npm bugs deep-playground-prototype
23 error Or if that isn't available, you can get their info via:
23 error     npm owner ls deep-playground-prototype
23 error There is likely additional logging output above.
24 verbose exit [ 1, true ]
